<?xml version="1.0" encoding="UTF-8"?>
<!-- Generated by org.testng.reporters.JUnitXMLReporter -->
<testsuite ignored="2" hostname="Vinay-PC" failures="0" tests="2" name="OrangeHRMTest" time="28.689" errors="0" timestamp="2023-06-12T00:07:38 CDT">
  <testcase classname="testNGEX.OrangeHRM_Login" name="Login_ValidDetails" time="2.225"/>
  <testcase classname="testNGEX.OrangeHRM_Login" name="login_InvalidUserName" time="3.295"/>
  <testcase classname="testNGEX.OrangeHRM_Login" name="login_NoData" time="0.0">
    <ignored/>
  </testcase> <!-- login_NoData -->
  <testcase classname="testNGEX.OrangeHRM_Login" name="login_InvalidPassword" time="0.0">
    <ignored/>
  </testcase> <!-- login_InvalidPassword -->
</testsuite> <!-- OrangeHRMTest -->
